16.09.2025 11:58:43
Array
(
    [error] => 1
    [http_code] => 404
    [response] => Array
        (
            [success] => 
            [data] => 
            [meta] => Array
                (
                    [message] => Произошла ошибка
                )

        )

)
26.11.2025 14:07:37
Array
(
    [error] => 1
    [http_code] => 404
    [response] => Array
        (
            [success] => 
            [data] => 
            [meta] => Array
                (
                    [message] => Произошла ошибка
                )

        )

)
26.11.2025 14:08:34
Array
(
    [error] => 1
    [http_code] => 404
    [response] => Array
        (
            [success] => 
            [data] => 
            [meta] => Array
                (
                    [message] => Произошла ошибка
                )

        )

)
26.11.2025 14:15:02
{"success":false,"data":null,"meta":{"message":"Произошла ошибка"}}26.11.2025 14:22:40
{"success":false,"data":null,"meta":{"message":"Произошла ошибка"}}26.11.2025 14:25:33
{"success":false,"data":null,"meta":{"message":"Произошла ошибка"}}26.11.2025 14:40:22
{"success":false,"data":null,"meta":{"message":"Произошла ошибка"}}26.11.2025 14:42:52
{"success":false,"data":null,"meta":{"message":"Произошла ошибка"}}26.11.2025 14:44:06
{"success":false,"data":null,"meta":{"message":"Произошла ошибка"}}26.11.2025 14:53:55
Array
(
    [success] => 
    [data] => 
    [meta] => Array
        (
            [message] => Произошла ошибка
        )

    [http_code] => 404
)
26.11.2025 15:14:45
Array
(
    [success] => 
    [data] => 
    [meta] => Array
        (
            [message] => Пользователь уже установил это приложение.
        )

    [http_code] => 403
)
26.11.2025 16:20:55
Array
(
    [success] => 
    [data] => 
    [meta] => Array
        (
            [message] => Пользователь уже установил это приложение.
        )

    [http_code] => 403
)
26.11.2025 16:22:53
Array
(
    [success] => 
    [data] => 
    [meta] => Array
        (
            [message] => Пользователь уже установил это приложение.
        )

    [http_code] => 403
)
26.11.2025 16:23:42
Array
(
    [success] => 
    [data] => 
    [meta] => Array
        (
            [message] => Пользователь уже установил это приложение.
        )

    [http_code] => 403
)
26.11.2025 16:23:50
Array
(
    [success] => 
    [data] => 
    [meta] => Array
        (
            [message] => Пользователь уже установил это приложение.
        )

    [http_code] => 403
)
26.11.2025 16:26:09
Array
(
    [success] => 
    [data] => 
    [meta] => Array
        (
            [message] => Пользователь уже установил это приложение.
        )

    [http_code] => 403
)
26.11.2025 16:41:18
Array
(
    [success] => 
    [data] => 
    [meta] => Array
        (
            [message] => Пользователь уже установил это приложение.
        )

    [http_code] => 403
)
26.11.2025 17:33:30
Array
(
    [success] => 
    [data] => 
    [meta] => Array
        (
            [message] => Пользователь уже установил это приложение.
        )

    [http_code] => 403
)
