5850441,myshop-crk785.myinsales.ru,
5851171,myshop-crl514.myinsales.ru,lionmike1@gmail.com
5851204,myshop-crl548.myinsales.ru,kruchkovanton2002@gmail.com
5852836,myshop-crn177.myinsales.ru,pk@winwinland.ru
5785245,myshop-cox605.myinsales.ru,kostyavegannova@gmail.com
5785245,myshop-cox605.myinsales.ru,kostyavegannova@gmail.com
5817334,myshop-cqd678.myinsales.ru,nekromanzer1@yandex.ru
5849581,myshop-crj926.myinsales.ru,pk@winwinland.ru
5785245,myshop-cox605.myinsales.ru,kostyavegannova@gmail.com
5851204,myshop-crl548.myinsales.ru,kruchkovanton2002@gmail.com
5844948,vysota-med.ru,vysota-clinic@yandex.ru
5844948,vysota-med.ru,vysota-clinic@yandex.ru
5857490,myshop-crr836.myinsales.ru,9643691600@mail.ru
5859257,myshop-crt606.myinsales.ru,pk@winwinland.ru
5851204,myshop-crl548.myinsales.ru,kruchkovanton2002@gmail.com
5863277,myshop-crx628.myinsales.ru,arn-ss@yandex.ru
5868834,myshop-csd184.myinsales.ru,pk@winwinland.ru
5795154,myshop-cph499.myinsales.ru,oshstoreyou@gmail.com
5819980,myshop-cqg322.myinsales.ru,allamorozowa14@gmail.com
5872033,myshop-csg385.myinsales.ru,pk@winwinland.ru
5872033,myshop-csg385.myinsales.ru,pk@winwinland.ru
5782066,grintalrf.myinsales.ru,itweblend@yandex.ru
5782066,grintalrf.myinsales.ru,itweblend@yandex.ru
5782066,grintalrf.myinsales.ru,itweblend@yandex.ru
5779844,myshop-cos200.myinsales.ru,msuzie@yandex.ru
665890,myshop-ve865.myinsales.ru,kirill.ya.ru@gmail.com
5790986,myshop-cpd339.myinsales.ru,alnat-store@internet.ru
5819394,myshop-cqf737.myinsales.ru,kingmass.rnd@yandex.ru
5819394,sport-syndicate.ru,adsky.gmsrv@gmail.com
5817334,myshop-cqd678.myinsales.ru,nekromanzer1@yandex.ru
5610734,myshop-cie493.myinsales.ru,ilya.spt-servis@mail.ru
5610734,myshop-cie493.myinsales.ru,ilya.spt-servis@mail.ru
5887691,myshop-csw42.myinsales.ru,pk@winwinland.ru
5887691,myshop-csw42.myinsales.ru,pk@winwinland.ru
1228746,myshop-bvv881.myinsales.ru,technobro.shop@yandex.ru
2100537,myshop-byc2.myinsales.ru,egor.kuzikov@yandex.ru
5704434,myshop-clu818.myinsales.ru,razryadovstore@gmail.com
5713314,myshop-cmd697.myinsales.ru,yanis-78@mail.ru
5819394,myshop-cqf737.myinsales.ru,kingmass.rnd@yandex.ru
5819394,myshop-cqf737.myinsales.ru,kingmass.rnd@yandex.ru
5624764,myshop-cis826.myinsales.ru,badalyangrachik@gmail.com
5819394,myshop-cqf737.myinsales.ru,kingmass.rnd@yandex.ru
5539469,myshop-cfj969.myinsales.ru,fendichkk@gmail.com
5898418,myshop-ctg765.myinsales.ru,pk@winwinland.ru
5529769,myshop-cez666.myinsales.ru,molotovs@mail.ru
5529769,myshop-cez666.myinsales.ru,molotovs@mail.ru
5920897,ru.laurazackarya.com,l@prostocosmetics.com
5708265,myshop-cly649.myinsales.ru,info@lably.ru
5708265,myshop-cly649.myinsales.ru,info@lably.ru
5708265,myshop-cly649.myinsales.ru,info@lably.ru
5708265,myshop-cly649.myinsales.ru,info@lably.ru
5708265,myshop-cly649.myinsales.ru,info@lably.ru
5888978,myshop-csx332.myinsales.ru,diankati98@gmail.com
1193401,myshop-buj242.myinsales.ru,anima2000@mail.ru
5935307,myshop-cur672.myinsales.ru,agwest@yandex.ru
5627648,myshop-civ746.myinsales.ru,beybladelegends@mail.ru
5956221,myshop-cvm587.myinsales.ru,pk@winwinland.ru
5958204,myshop-cvo569.myinsales.ru,ki.pol2014@yandex.ru
5873340,myshop-csh692.myinsales.ru,info@ve4noe.ru
5967624,myshop-cvx987.myinsales.ru,vlav@mail.ru
5968857,myshop-cvz218.myinsales.ru,ki.pol2014@yandex.ru
5970415,myshop-cwa775.myinsales.ru,eldar.gatin@inbox.ru
5122899,myshop-cdx819.myinsales.ru,nas010498@mail.ru
535156,myshop-nt309.myinsales.ru,v.velichuk@yandex.ru
5929049,myshop-cul407.myinsales.ru,help@chilihelp.ru
6015301,myshop-cxt657.myinsales.ru,mishin.55554@gmail.com
6015301,myshop-cxt657.myinsales.ru,mishin.55554@gmail.com
6015301,myshop-cxt657.myinsales.ru,mishin.55554@gmail.com
5929049,myshop-cul407.myinsales.ru,help@chilihelp.ru
5757434,myshop-cnv789.myinsales.ru,furdavsteshaev2008@gmail.com
3983311,divno.myinsales.ru,d.andrienko@divno.me
5757434,myshop-cnv789.myinsales.ru,furdavsteshaev2008@gmail.com
5757434,myshop-cnv789.myinsales.ru,furdavsteshaev2008@gmail.com
3983311,divno.myinsales.ru,d.andrienko@divno.me
3983311,divno.myinsales.ru,d.andrienko@divno.me
5852880,myshop-crn221.myinsales.ru,info@polubvi.com
5852880,myshop-crn221.myinsales.ru,info@polubvi.com
5521591,myshop-cer32.myinsales.ru,ecom@tasteabrew.ru
6048697,myshop-czb78.myinsales.ru,rizhkovaelena@mail.ru
6042334,myshop-cyu712.myinsales.ru,tuviks@yandex.ru
6053408,myshop-czf810.myinsales.ru,ekaterina@chadina.ru
6053408,myshop-czf810.myinsales.ru,ekaterina@chadina.ru
6053408,myshop-czf810.myinsales.ru,ekaterina@chadina.ru
6094789,myshop-dav212.myinsales.ru,timvladya@mail.ru
6094789,myshop-dav212.myinsales.ru,timvladya@mail.ru
1191409,myshop-buh105.myinsales.ru,mrosso.max@yandex.ru
6098094,myshop-day521.myinsales.ru,zakaz@peptidescience.pro
