
*****
198746774
1. Напоминаем, ваша персональная ссылка, по которой вы можете приглашать ознакомиться с WinWinLand - https://winwinland.ru/7/?bc=3714129837

2. Все, кто зарегистрируется по вашей ссылке, закрепятся за вами на 180 дней. С каждого их платежа вам начислится вознаграждение, а срок продлится.

3. Размеры вознаграждений и результаты работы можно посмотреть в партнерском кабинете https://for16.ru/d/1000/lk/cabinet.php?u=ffba7aa6788f8349def9c2fc45ad9199

4. Чтобы узнать подробнее, как подключить партнерскую программу для вашего бизнеса, запишитесь на  консультацию https://winwinland.ru/consult/?uid=6ec1070ca30b2f20d7ad4c291aa82bfb



*****
5196191
1. Напоминаем, ваша персональная ссылка, по которой вы можете приглашать ознакомиться с WinWinLand - https://winwinland.ru/7/?bc=1846407935

2. Все, кто зарегистрируется по вашей ссылке, закрепятся за вами на 180 дней. С каждого их платежа вам начислится вознаграждение, а срок продлится.

3. Размеры вознаграждений и результаты работы можно посмотреть в партнерском кабинете https://for16.ru/d/1000/lk/cabinet.php?u=3bf7a7dcf1bd2f3d75709b8a0ef4d330

4. Чтобы узнать подробнее, как подключить партнерскую программу для вашего бизнеса, запишитесь на  консультацию https://winwinland.ru/consult/?uid=5ee01e6030ce8f0ecc824f1edb2b8e6f



*****
4887740
1. Напоминаем, ваша персональная ссылка, по которой вы можете приглашать ознакомиться с WinWinLand - https://winwinland.ru/7/?bc=1740357332

2. Все, кто зарегистрируется по вашей ссылке, закрепятся за вами на 180 дней. С каждого их платежа вам начислится вознаграждение, а срок продлится.

3. Размеры вознаграждений и результаты работы можно посмотреть в партнерском кабинете https://for16.ru/d/1000/lk/cabinet.php?u=2b1b2983e5efe11a8fa63794b8cd224a

4. Чтобы узнать подробнее, как подключить партнерскую программу для вашего бизнеса, запишитесь на  консультацию https://winwinland.ru/consult/?uid=efa435c70accc23b101725ae6e26290e



*****
446695808
1. Напоминаем, ваша персональная ссылка, по которой вы можете приглашать ознакомиться с WinWinLand - https://winwinland.ru/7/?bc=2583632575

2. Все, кто зарегистрируется по вашей ссылке, закрепятся за вами на 180 дней. С каждого их платежа вам начислится вознаграждение, а срок продлится.

3. Размеры вознаграждений и результаты работы можно посмотреть в партнерском кабинете https://for16.ru/d/1000/lk/cabinet.php?u=80dc9e3da56065ce84dccbf7c7c552cc

4. Чтобы узнать подробнее, как подключить партнерскую программу для вашего бизнеса, запишитесь на  консультацию https://winwinland.ru/consult/?uid=ef38fd61ccb71e5e9467470d6b70d2ff



*****
493913630
1. Напоминаем, ваша персональная ссылка, по которой вы можете приглашать ознакомиться с WinWinLand - https://winwinland.ru/7/?bc=3918917168

2. Все, кто зарегистрируется по вашей ссылке, закрепятся за вами на 180 дней. С каждого их платежа вам начислится вознаграждение, а срок продлится.

3. Размеры вознаграждений и результаты работы можно посмотреть в партнерском кабинете https://for16.ru/d/1000/lk/cabinet.php?u=41996371ca8aa9484dc3208c0470678f

4. Чтобы узнать подробнее, как подключить партнерскую программу для вашего бизнеса, запишитесь на  консультацию https://winwinland.ru/consult/?uid=e3d484c414da6202e6cee6ca3d23a73b



*****
30009870
1. Напоминаем, ваша персональная ссылка, по которой вы можете приглашать ознакомиться с WinWinLand - https://winwinland.ru/7/?bc=3541068486

2. Все, кто зарегистрируется по вашей ссылке, закрепятся за вами на 180 дней. С каждого их платежа вам начислится вознаграждение, а срок продлится.

3. Размеры вознаграждений и результаты работы можно посмотреть в партнерском кабинете https://for16.ru/d/1000/lk/cabinet.php?u=a94283a36f8aed293602493059b115f5

4. Чтобы узнать подробнее, как подключить партнерскую программу для вашего бизнеса, запишитесь на  консультацию https://winwinland.ru/consult/?uid=0abc1a9bd74d7c80a7513e2072ce6ff4



*****
520604456
1. Напоминаем, ваша персональная ссылка, по которой вы можете приглашать ознакомиться с WinWinLand - https://winwinland.ru/7/?bc=

2. Все, кто зарегистрируется по вашей ссылке, закрепятся за вами на 180 дней. С каждого их платежа вам начислится вознаграждение, а срок продлится.

3. Размеры вознаграждений и результаты работы можно посмотреть в партнерском кабинете https://for16.ru/d/1000/lk/cabinet.php?u=d41d8cd98f00b204e9800998ecf8427e

4. Чтобы узнать подробнее, как подключить партнерскую программу для вашего бизнеса, запишитесь на  консультацию https://winwinland.ru/consult/?uid=27d00112137c32294749f3f55796abf8



*****
324158532
1. Напоминаем, ваша персональная ссылка, по которой вы можете приглашать ознакомиться с WinWinLand - https://winwinland.ru/7/?bc=

2. Все, кто зарегистрируется по вашей ссылке, закрепятся за вами на 180 дней. С каждого их платежа вам начислится вознаграждение, а срок продлится.

3. Размеры вознаграждений и результаты работы можно посмотреть в партнерском кабинете https://for16.ru/d/1000/lk/cabinet.php?u=d41d8cd98f00b204e9800998ecf8427e

4. Чтобы узнать подробнее, как подключить партнерскую программу для вашего бизнеса, запишитесь на  консультацию https://winwinland.ru/consult/?uid=8f6b95a369fbaba4d4696ccc8bc64a0e



*****
-1002
1. Напоминаем, ваша персональная ссылка, по которой вы можете приглашать ознакомиться с WinWinLand - https://winwinland.ru/7/?bc=1002

2. Все, кто зарегистрируется по вашей ссылке, закрепятся за вами на 180 дней. С каждого их платежа вам начислится вознаграждение, а срок продлится.

3. Размеры вознаграждений и результаты работы можно посмотреть в партнерском кабинете https://for16.ru/d/1000/lk/cabinet.php?u=6407bcb09168c024b6b829bc3eb34885

4. Чтобы узнать подробнее, как подключить партнерскую программу для вашего бизнеса, запишитесь на  консультацию https://winwinland.ru/consult/?uid=c667e4bf35df040b0e62b326948b100c



*****
-7404
1. Напоминаем, ваша персональная ссылка, по которой вы можете приглашать ознакомиться с WinWinLand - https://winwinland.ru/7/?bc=374813932

2. Все, кто зарегистрируется по вашей ссылке, закрепятся за вами на 180 дней. С каждого их платежа вам начислится вознаграждение, а срок продлится.

3. Размеры вознаграждений и результаты работы можно посмотреть в партнерском кабинете https://for16.ru/d/1000/lk/cabinet.php?u=80141e69b0d0c698b0301b3abd911c65

4. Чтобы узнать подробнее, как подключить партнерскую программу для вашего бизнеса, запишитесь на  консультацию https://winwinland.ru/consult/?uid=d1aa56cadb8787944fcead72a3f86543



*****
323685
1. Напоминаем, ваша персональная ссылка, по которой вы можете приглашать ознакомиться с WinWinLand - https://winwinland.ru/7/?bc=1715322979

2. Все, кто зарегистрируется по вашей ссылке, закрепятся за вами на 180 дней. С каждого их платежа вам начислится вознаграждение, а срок продлится.

3. Размеры вознаграждений и результаты работы можно посмотреть в партнерском кабинете https://for16.ru/d/1000/lk/cabinet.php?u=89f5f635c5ae388d490222f529a172e4

4. Чтобы узнать подробнее, как подключить партнерскую программу для вашего бизнеса, запишитесь на  консультацию https://winwinland.ru/consult/?uid=61a872d8fd5783460348994667e7e48e



*****
-7416
1. Напоминаем, ваша персональная ссылка, по которой вы можете приглашать ознакомиться с WinWinLand - https://winwinland.ru/7/?bc=1292932000

2. Все, кто зарегистрируется по вашей ссылке, закрепятся за вами на 180 дней. С каждого их платежа вам начислится вознаграждение, а срок продлится.

3. Размеры вознаграждений и результаты работы можно посмотреть в партнерском кабинете https://for16.ru/d/1000/lk/cabinet.php?u=43b54a61b33bf71d8adeb0cf28adc8c2

4. Чтобы узнать подробнее, как подключить партнерскую программу для вашего бизнеса, запишитесь на  консультацию https://winwinland.ru/consult/?uid=3f7c313f1378964bfb57ce6072494f05



*****
-7415
1. Напоминаем, ваша персональная ссылка, по которой вы можете приглашать ознакомиться с WinWinLand - https://winwinland.ru/7/?bc=

2. Все, кто зарегистрируется по вашей ссылке, закрепятся за вами на 180 дней. С каждого их платежа вам начислится вознаграждение, а срок продлится.

3. Размеры вознаграждений и результаты работы можно посмотреть в партнерском кабинете https://for16.ru/d/1000/lk/cabinet.php?u=d41d8cd98f00b204e9800998ecf8427e

4. Чтобы узнать подробнее, как подключить партнерскую программу для вашего бизнеса, запишитесь на  консультацию https://winwinland.ru/consult/?uid=2ca63f36d3b1f9690f04386139941a04



*****
-7410
1. Напоминаем, ваша персональная ссылка, по которой вы можете приглашать ознакомиться с WinWinLand - https://winwinland.ru/7/?bc=2759014037

2. Все, кто зарегистрируется по вашей ссылке, закрепятся за вами на 180 дней. С каждого их платежа вам начислится вознаграждение, а срок продлится.

3. Размеры вознаграждений и результаты работы можно посмотреть в партнерском кабинете https://for16.ru/d/1000/lk/cabinet.php?u=35537a343116ebb5bc1656644bd77163

4. Чтобы узнать подробнее, как подключить партнерскую программу для вашего бизнеса, запишитесь на  консультацию https://winwinland.ru/consult/?uid=1396d0afdd092463936b5635af34aa23



*****
-7418
1. Напоминаем, ваша персональная ссылка, по которой вы можете приглашать ознакомиться с WinWinLand - https://winwinland.ru/7/?bc=2863185575

2. Все, кто зарегистрируется по вашей ссылке, закрепятся за вами на 180 дней. С каждого их платежа вам начислится вознаграждение, а срок продлится.

3. Размеры вознаграждений и результаты работы можно посмотреть в партнерском кабинете https://for16.ru/d/1000/lk/cabinet.php?u=0e3a32ec19cf87ebb9fe7d0af296fd29

4. Чтобы узнать подробнее, как подключить партнерскую программу для вашего бизнеса, запишитесь на  консультацию https://winwinland.ru/consult/?uid=f0c93ee073fbe7d995823cbf8a8971d8



*****
-7464
1. Напоминаем, ваша персональная ссылка, по которой вы можете приглашать ознакомиться с WinWinLand - https://winwinland.ru/7/?bc=2842572383

2. Все, кто зарегистрируется по вашей ссылке, закрепятся за вами на 180 дней. С каждого их платежа вам начислится вознаграждение, а срок продлится.

3. Размеры вознаграждений и результаты работы можно посмотреть в партнерском кабинете https://for16.ru/d/1000/lk/cabinet.php?u=65c473ce8f70be8705b26faac0cf6546

4. Чтобы узнать подробнее, как подключить партнерскую программу для вашего бизнеса, запишитесь на  консультацию https://winwinland.ru/consult/?uid=03c7a5441270fc57f0ac27304ed96af7



*****
-7474
1. Напоминаем, ваша персональная ссылка, по которой вы можете приглашать ознакомиться с WinWinLand - https://winwinland.ru/7/?bc=787884688

2. Все, кто зарегистрируется по вашей ссылке, закрепятся за вами на 180 дней. С каждого их платежа вам начислится вознаграждение, а срок продлится.

3. Размеры вознаграждений и результаты работы можно посмотреть в партнерском кабинете https://for16.ru/d/1000/lk/cabinet.php?u=2af009146bc1ae0b3c4dc711352b5c5e

4. Чтобы узнать подробнее, как подключить партнерскую программу для вашего бизнеса, запишитесь на  консультацию https://winwinland.ru/consult/?uid=c75a9ee1dfbe32e0fafe2db0fa6b8014



*****
-7425
1. Напоминаем, ваша персональная ссылка, по которой вы можете приглашать ознакомиться с WinWinLand - https://winwinland.ru/7/?bc=3439522651

2. Все, кто зарегистрируется по вашей ссылке, закрепятся за вами на 180 дней. С каждого их платежа вам начислится вознаграждение, а срок продлится.

3. Размеры вознаграждений и результаты работы можно посмотреть в партнерском кабинете https://for16.ru/d/1000/lk/cabinet.php?u=da6f7ce3e6c5f4859766e102995a7afd

4. Чтобы узнать подробнее, как подключить партнерскую программу для вашего бизнеса, запишитесь на  консультацию https://winwinland.ru/consult/?uid=2836962ddb1e4ada50e2f3866478d6f3



*****
-7489
1. Напоминаем, ваша персональная ссылка, по которой вы можете приглашать ознакомиться с WinWinLand - https://winwinland.ru/7/?bc=3766488758

2. Все, кто зарегистрируется по вашей ссылке, закрепятся за вами на 180 дней. С каждого их платежа вам начислится вознаграждение, а срок продлится.

3. Размеры вознаграждений и результаты работы можно посмотреть в партнерском кабинете https://for16.ru/d/1000/lk/cabinet.php?u=71451bd8fed58167292ab83eccc25986

4. Чтобы узнать подробнее, как подключить партнерскую программу для вашего бизнеса, запишитесь на  консультацию https://winwinland.ru/consult/?uid=b3ee63fdcc8694fd91c595968f82bbcb



*****
-7492
1. Напоминаем, ваша персональная ссылка, по которой вы можете приглашать ознакомиться с WinWinLand - https://winwinland.ru/7/?bc=2039045900

2. Все, кто зарегистрируется по вашей ссылке, закрепятся за вами на 180 дней. С каждого их платежа вам начислится вознаграждение, а срок продлится.

3. Размеры вознаграждений и результаты работы можно посмотреть в партнерском кабинете https://for16.ru/d/1000/lk/cabinet.php?u=93ded2f12b25159df4dc411858108e4f

4. Чтобы узнать подробнее, как подключить партнерскую программу для вашего бизнеса, запишитесь на  консультацию https://winwinland.ru/consult/?uid=d96b7d20628c56d06b78b16174893cfe



*****
-7499
1. Напоминаем, ваша персональная ссылка, по которой вы можете приглашать ознакомиться с WinWinLand - https://winwinland.ru/7/?bc=2392592225

2. Все, кто зарегистрируется по вашей ссылке, закрепятся за вами на 180 дней. С каждого их платежа вам начислится вознаграждение, а срок продлится.

3. Размеры вознаграждений и результаты работы можно посмотреть в партнерском кабинете https://for16.ru/d/1000/lk/cabinet.php?u=b4b8f553b423ae45964bf89ba05505b9

4. Чтобы узнать подробнее, как подключить партнерскую программу для вашего бизнеса, запишитесь на  консультацию https://winwinland.ru/consult/?uid=66b244e0a1f8d5ca73ffd861503ff134



*****
-7522
1. Напоминаем, ваша персональная ссылка, по которой вы можете приглашать ознакомиться с WinWinLand - https://winwinland.ru/7/?bc=631454809

2. Все, кто зарегистрируется по вашей ссылке, закрепятся за вами на 180 дней. С каждого их платежа вам начислится вознаграждение, а срок продлится.

3. Размеры вознаграждений и результаты работы можно посмотреть в партнерском кабинете https://for16.ru/d/1000/lk/cabinet.php?u=2a2199b6a8717d212e281a27dfddf77c

4. Чтобы узнать подробнее, как подключить партнерскую программу для вашего бизнеса, запишитесь на  консультацию https://winwinland.ru/consult/?uid=fc36defd493a1dbf967e5251c8429b78



*****
-7535
1. Напоминаем, ваша персональная ссылка, по которой вы можете приглашать ознакомиться с WinWinLand - https://winwinland.ru/7/?bc=2206273451

2. Все, кто зарегистрируется по вашей ссылке, закрепятся за вами на 180 дней. С каждого их платежа вам начислится вознаграждение, а срок продлится.

3. Размеры вознаграждений и результаты работы можно посмотреть в партнерском кабинете https://for16.ru/d/1000/lk/cabinet.php?u=d14bf6851a7ec4d5d3d6ca2bf5207064

4. Чтобы узнать подробнее, как подключить партнерскую программу для вашего бизнеса, запишитесь на  консультацию https://winwinland.ru/consult/?uid=0d03cebbcd8d726b3eda831b1289b279



*****
-7547
1. Напоминаем, ваша персональная ссылка, по которой вы можете приглашать ознакомиться с WinWinLand - https://winwinland.ru/7/?bc=1955880902

2. Все, кто зарегистрируется по вашей ссылке, закрепятся за вами на 180 дней. С каждого их платежа вам начислится вознаграждение, а срок продлится.

3. Размеры вознаграждений и результаты работы можно посмотреть в партнерском кабинете https://for16.ru/d/1000/lk/cabinet.php?u=61e1a16487f6895fbe150a632eee8444

4. Чтобы узнать подробнее, как подключить партнерскую программу для вашего бизнеса, запишитесь на  консультацию https://winwinland.ru/consult/?uid=3c0e72c2a620137b47a164ee6150304e



*****
-7550
1. Напоминаем, ваша персональная ссылка, по которой вы можете приглашать ознакомиться с WinWinLand - https://winwinland.ru/7/?bc=3252525478

2. Все, кто зарегистрируется по вашей ссылке, закрепятся за вами на 180 дней. С каждого их платежа вам начислится вознаграждение, а срок продлится.

3. Размеры вознаграждений и результаты работы можно посмотреть в партнерском кабинете https://for16.ru/d/1000/lk/cabinet.php?u=73f93993c6e69070cb0fa1e65487b90c

4. Чтобы узнать подробнее, как подключить партнерскую программу для вашего бизнеса, запишитесь на  консультацию https://winwinland.ru/consult/?uid=c7f688eb20663351f9b7f03985aa3779



*****
-7417
1. Напоминаем, ваша персональная ссылка, по которой вы можете приглашать ознакомиться с WinWinLand - https://winwinland.ru/7/?bc=974627638

2. Все, кто зарегистрируется по вашей ссылке, закрепятся за вами на 180 дней. С каждого их платежа вам начислится вознаграждение, а срок продлится.

3. Размеры вознаграждений и результаты работы можно посмотреть в партнерском кабинете https://for16.ru/d/1000/lk/cabinet.php?u=a3eecb6ddb0c2f8e153f2c746bfe7010

4. Чтобы узнать подробнее, как подключить партнерскую программу для вашего бизнеса, запишитесь на  консультацию https://winwinland.ru/consult/?uid=27d9cf5381e214a998b82a67562a037c



*****
-7471
1. Напоминаем, ваша персональная ссылка, по которой вы можете приглашать ознакомиться с WinWinLand - https://winwinland.ru/7/?bc=2962407219

2. Все, кто зарегистрируется по вашей ссылке, закрепятся за вами на 180 дней. С каждого их платежа вам начислится вознаграждение, а срок продлится.

3. Размеры вознаграждений и результаты работы можно посмотреть в партнерском кабинете https://for16.ru/d/1000/lk/cabinet.php?u=20a2974e02f6e84deef311471e85a179

4. Чтобы узнать подробнее, как подключить партнерскую программу для вашего бизнеса, запишитесь на  консультацию https://winwinland.ru/consult/?uid=5868645b6df89b92152230ffff34dd03



*****
-7549
1. Напоминаем, ваша персональная ссылка, по которой вы можете приглашать ознакомиться с WinWinLand - https://winwinland.ru/7/?bc=2469163713

2. Все, кто зарегистрируется по вашей ссылке, закрепятся за вами на 180 дней. С каждого их платежа вам начислится вознаграждение, а срок продлится.

3. Размеры вознаграждений и результаты работы можно посмотреть в партнерском кабинете https://for16.ru/d/1000/lk/cabinet.php?u=b2009f90c48b3ffb2a6e74c269b3ea0b

4. Чтобы узнать подробнее, как подключить партнерскую программу для вашего бизнеса, запишитесь на  консультацию https://winwinland.ru/consult/?uid=4fd84b8f564181d3f3deb7f1ad49653b



*****
-7557
1. Напоминаем, ваша персональная ссылка, по которой вы можете приглашать ознакомиться с WinWinLand - https://winwinland.ru/7/?bc=3473281428

2. Все, кто зарегистрируется по вашей ссылке, закрепятся за вами на 180 дней. С каждого их платежа вам начислится вознаграждение, а срок продлится.

3. Размеры вознаграждений и результаты работы можно посмотреть в партнерском кабинете https://for16.ru/d/1000/lk/cabinet.php?u=caa9570caaf13968b49a1479a86ea0a9

4. Чтобы узнать подробнее, как подключить партнерскую программу для вашего бизнеса, запишитесь на  консультацию https://winwinland.ru/consult/?uid=627a1a448c858b49491a2f07ea646e70



*****
-7559
1. Напоминаем, ваша персональная ссылка, по которой вы можете приглашать ознакомиться с WinWinLand - https://winwinland.ru/7/?bc=3636898023

2. Все, кто зарегистрируется по вашей ссылке, закрепятся за вами на 180 дней. С каждого их платежа вам начислится вознаграждение, а срок продлится.

3. Размеры вознаграждений и результаты работы можно посмотреть в партнерском кабинете https://for16.ru/d/1000/lk/cabinet.php?u=b09d648efb6da7fde92f718bab8e30c3

4. Чтобы узнать подробнее, как подключить партнерскую программу для вашего бизнеса, запишитесь на  консультацию https://winwinland.ru/consult/?uid=3a5e0665e9e37f0b2f983a817a6b2164



*****
-7561
1. Напоминаем, ваша персональная ссылка, по которой вы можете приглашать ознакомиться с WinWinLand - https://winwinland.ru/7/?bc=919128523

2. Все, кто зарегистрируется по вашей ссылке, закрепятся за вами на 180 дней. С каждого их платежа вам начислится вознаграждение, а срок продлится.

3. Размеры вознаграждений и результаты работы можно посмотреть в партнерском кабинете https://for16.ru/d/1000/lk/cabinet.php?u=04a9fec6bae400fa059a3e49e157e835

4. Чтобы узнать подробнее, как подключить партнерскую программу для вашего бизнеса, запишитесь на  консультацию https://winwinland.ru/consult/?uid=ce655a2ae0537b863741529a4ea463ce



*****
-7552
1. Напоминаем, ваша персональная ссылка, по которой вы можете приглашать ознакомиться с WinWinLand - https://winwinland.ru/7/?bc=3333447103

2. Все, кто зарегистрируется по вашей ссылке, закрепятся за вами на 180 дней. С каждого их платежа вам начислится вознаграждение, а срок продлится.

3. Размеры вознаграждений и результаты работы можно посмотреть в партнерском кабинете https://for16.ru/d/1000/lk/cabinet.php?u=8d419b1ab8b3df61c0e02b0ce0a7601a

4. Чтобы узнать подробнее, как подключить партнерскую программу для вашего бизнеса, запишитесь на  консультацию https://winwinland.ru/consult/?uid=18b02ca7c602c4dde11c56bfa95b4f5f



*****
-7496
1. Напоминаем, ваша персональная ссылка, по которой вы можете приглашать ознакомиться с WinWinLand - https://winwinland.ru/7/?bc=165915523

2. Все, кто зарегистрируется по вашей ссылке, закрепятся за вами на 180 дней. С каждого их платежа вам начислится вознаграждение, а срок продлится.

3. Размеры вознаграждений и результаты работы можно посмотреть в партнерском кабинете https://for16.ru/d/1000/lk/cabinet.php?u=a7d05ac70c644700b663922f25a3e4d8

4. Чтобы узнать подробнее, как подключить партнерскую программу для вашего бизнеса, запишитесь на  консультацию https://winwinland.ru/consult/?uid=26f60c71f0f2e1c7f35d06f3e39c67a7



*****
-7565
1. Напоминаем, ваша персональная ссылка, по которой вы можете приглашать ознакомиться с WinWinLand - https://winwinland.ru/7/?bc=832900562

2. Все, кто зарегистрируется по вашей ссылке, закрепятся за вами на 180 дней. С каждого их платежа вам начислится вознаграждение, а срок продлится.

3. Размеры вознаграждений и результаты работы можно посмотреть в партнерском кабинете https://for16.ru/d/1000/lk/cabinet.php?u=26b8616eb1639b9c250ee053cf586abc

4. Чтобы узнать подробнее, как подключить партнерскую программу для вашего бизнеса, запишитесь на  консультацию https://winwinland.ru/consult/?uid=b5938647c3d5efe15fb5f1f8892265d0



*****
-7569
1. Напоминаем, ваша персональная ссылка, по которой вы можете приглашать ознакомиться с WinWinLand - https://winwinland.ru/7/?bc=1600042024

2. Все, кто зарегистрируется по вашей ссылке, закрепятся за вами на 180 дней. С каждого их платежа вам начислится вознаграждение, а срок продлится.

3. Размеры вознаграждений и результаты работы можно посмотреть в партнерском кабинете https://for16.ru/d/1000/lk/cabinet.php?u=da2a962f7bf1c91d57d875182ca1146c

4. Чтобы узнать подробнее, как подключить партнерскую программу для вашего бизнеса, запишитесь на  консультацию https://winwinland.ru/consult/?uid=d441981a73456b05eef450234f6600bb



*****
-7556
1. Напоминаем, ваша персональная ссылка, по которой вы можете приглашать ознакомиться с WinWinLand - https://winwinland.ru/7/?bc=1605962757

2. Все, кто зарегистрируется по вашей ссылке, закрепятся за вами на 180 дней. С каждого их платежа вам начислится вознаграждение, а срок продлится.

3. Размеры вознаграждений и результаты работы можно посмотреть в партнерском кабинете https://for16.ru/d/1000/lk/cabinet.php?u=beea306c32ef6e522d1dc1f5198bd839

4. Чтобы узнать подробнее, как подключить партнерскую программу для вашего бизнеса, запишитесь на  консультацию https://winwinland.ru/consult/?uid=c91ab90d4b78eab7a12cb252b93b9943



*****
-7575
1. Напоминаем, ваша персональная ссылка, по которой вы можете приглашать ознакомиться с WinWinLand - https://winwinland.ru/7/?bc=3057455389

2. Все, кто зарегистрируется по вашей ссылке, закрепятся за вами на 180 дней. С каждого их платежа вам начислится вознаграждение, а срок продлится.

3. Размеры вознаграждений и результаты работы можно посмотреть в партнерском кабинете https://for16.ru/d/1000/lk/cabinet.php?u=e5680a1e1b99ea7fb62b8a15c8166b2c

4. Чтобы узнать подробнее, как подключить партнерскую программу для вашего бизнеса, запишитесь на  консультацию https://winwinland.ru/consult/?uid=b59d90e5df13c2fed09751961a6507e3



*****
-7576
1. Напоминаем, ваша персональная ссылка, по которой вы можете приглашать ознакомиться с WinWinLand - https://winwinland.ru/7/?bc=3241812363

2. Все, кто зарегистрируется по вашей ссылке, закрепятся за вами на 180 дней. С каждого их платежа вам начислится вознаграждение, а срок продлится.

3. Размеры вознаграждений и результаты работы можно посмотреть в партнерском кабинете https://for16.ru/d/1000/lk/cabinet.php?u=1b6ec0183517865a947ae6ec22efde20

4. Чтобы узнать подробнее, как подключить партнерскую программу для вашего бизнеса, запишитесь на  консультацию https://winwinland.ru/consult/?uid=72b2b1388acd56aca325b9893b92717f



*****
-7570
1. Напоминаем, ваша персональная ссылка, по которой вы можете приглашать ознакомиться с WinWinLand - https://winwinland.ru/7/?bc=676955326

2. Все, кто зарегистрируется по вашей ссылке, закрепятся за вами на 180 дней. С каждого их платежа вам начислится вознаграждение, а срок продлится.

3. Размеры вознаграждений и результаты работы можно посмотреть в партнерском кабинете https://for16.ru/d/1000/lk/cabinet.php?u=32600e9d79c896b67cc70c7db961c74f

4. Чтобы узнать подробнее, как подключить партнерскую программу для вашего бизнеса, запишитесь на  консультацию https://winwinland.ru/consult/?uid=eec777f9cff696b61ffa41e3f545d7c3



*****
-7583
1. Напоминаем, ваша персональная ссылка, по которой вы можете приглашать ознакомиться с WinWinLand - https://winwinland.ru/7/?bc=1093157232

2. Все, кто зарегистрируется по вашей ссылке, закрепятся за вами на 180 дней. С каждого их платежа вам начислится вознаграждение, а срок продлится.

3. Размеры вознаграждений и результаты работы можно посмотреть в партнерском кабинете https://for16.ru/d/1000/lk/cabinet.php?u=bc1bce1522540ecd558a1b04ca564df3

4. Чтобы узнать подробнее, как подключить партнерскую программу для вашего бизнеса, запишитесь на  консультацию https://winwinland.ru/consult/?uid=170ce763fc9980f591b3c5b22193545f



*****
-7587
1. Напоминаем, ваша персональная ссылка, по которой вы можете приглашать ознакомиться с WinWinLand - https://winwinland.ru/7/?bc=1218317659

2. Все, кто зарегистрируется по вашей ссылке, закрепятся за вами на 180 дней. С каждого их платежа вам начислится вознаграждение, а срок продлится.

3. Размеры вознаграждений и результаты работы можно посмотреть в партнерском кабинете https://for16.ru/d/1000/lk/cabinet.php?u=8ee01530fa92c19d1e09c3f458009e64

4. Чтобы узнать подробнее, как подключить партнерскую программу для вашего бизнеса, запишитесь на  консультацию https://winwinland.ru/consult/?uid=02b6b759a5eef73b99182863124e0800



*****
-7588
1. Напоминаем, ваша персональная ссылка, по которой вы можете приглашать ознакомиться с WinWinLand - https://winwinland.ru/7/?bc=1067007437

2. Все, кто зарегистрируется по вашей ссылке, закрепятся за вами на 180 дней. С каждого их платежа вам начислится вознаграждение, а срок продлится.

3. Размеры вознаграждений и результаты работы можно посмотреть в партнерском кабинете https://for16.ru/d/1000/lk/cabinet.php?u=e5b33c4767be6030aa1ea39ff4be3a8c

4. Чтобы узнать подробнее, как подключить партнерскую программу для вашего бизнеса, запишитесь на  консультацию https://winwinland.ru/consult/?uid=43a9e2cf44e1df4aa3488010b7ec1a0a



*****
-7589
1. Напоминаем, ваша персональная ссылка, по которой вы можете приглашать ознакомиться с WinWinLand - https://winwinland.ru/7/?bc=2512486521

2. Все, кто зарегистрируется по вашей ссылке, закрепятся за вами на 180 дней. С каждого их платежа вам начислится вознаграждение, а срок продлится.

3. Размеры вознаграждений и результаты работы можно посмотреть в партнерском кабинете https://for16.ru/d/1000/lk/cabinet.php?u=589f3fec7102ebde860e686c1db9f3d0

4. Чтобы узнать подробнее, как подключить партнерскую программу для вашего бизнеса, запишитесь на  консультацию https://winwinland.ru/consult/?uid=800ae4c282f9e27513a56d9a1b42f933



*****
-7590
1. Напоминаем, ваша персональная ссылка, по которой вы можете приглашать ознакомиться с WinWinLand - https://winwinland.ru/7/?bc=3804672239

2. Все, кто зарегистрируется по вашей ссылке, закрепятся за вами на 180 дней. С каждого их платежа вам начислится вознаграждение, а срок продлится.

3. Размеры вознаграждений и результаты работы можно посмотреть в партнерском кабинете https://for16.ru/d/1000/lk/cabinet.php?u=9bcc36d9a33a1583bc65ea87a155846c

4. Чтобы узнать подробнее, как подключить партнерскую программу для вашего бизнеса, запишитесь на  консультацию https://winwinland.ru/consult/?uid=bda1f9ac3566a671f2427851dedc80fb



*****
-7574
1. Напоминаем, ваша персональная ссылка, по которой вы можете приглашать ознакомиться с WinWinLand - https://winwinland.ru/7/?bc=791953575

2. Все, кто зарегистрируется по вашей ссылке, закрепятся за вами на 180 дней. С каждого их платежа вам начислится вознаграждение, а срок продлится.

3. Размеры вознаграждений и результаты работы можно посмотреть в партнерском кабинете https://for16.ru/d/1000/lk/cabinet.php?u=98bea6fd7339200861cf6105158fcde7

4. Чтобы узнать подробнее, как подключить партнерскую программу для вашего бизнеса, запишитесь на  консультацию https://winwinland.ru/consult/?uid=fa63929b97a90babda0fbf2fcac6d9b3



*****
-7594
1. Напоминаем, ваша персональная ссылка, по которой вы можете приглашать ознакомиться с WinWinLand - https://winwinland.ru/7/?bc=3853219062

2. Все, кто зарегистрируется по вашей ссылке, закрепятся за вами на 180 дней. С каждого их платежа вам начислится вознаграждение, а срок продлится.

3. Размеры вознаграждений и результаты работы можно посмотреть в партнерском кабинете https://for16.ru/d/1000/lk/cabinet.php?u=ad9f282b42867c84d3b9332d38624ccf

4. Чтобы узнать подробнее, как подключить партнерскую программу для вашего бизнеса, запишитесь на  консультацию https://winwinland.ru/consult/?uid=b2608be03722ca2f0c77603ef3fc26bd



*****
-7601
1. Напоминаем, ваша персональная ссылка, по которой вы можете приглашать ознакомиться с WinWinLand - https://winwinland.ru/7/?bc=1658114068

2. Все, кто зарегистрируется по вашей ссылке, закрепятся за вами на 180 дней. С каждого их платежа вам начислится вознаграждение, а срок продлится.

3. Размеры вознаграждений и результаты работы можно посмотреть в партнерском кабинете https://for16.ru/d/1000/lk/cabinet.php?u=9d60ce6a7969849ecff12a9833281d04

4. Чтобы узнать подробнее, как подключить партнерскую программу для вашего бизнеса, запишитесь на  консультацию https://winwinland.ru/consult/?uid=ebb2b1aca198ef4ac5b52612008ea05b



*****
-7602
1. Напоминаем, ваша персональная ссылка, по которой вы можете приглашать ознакомиться с WinWinLand - https://winwinland.ru/7/?bc=366207106

2. Все, кто зарегистрируется по вашей ссылке, закрепятся за вами на 180 дней. С каждого их платежа вам начислится вознаграждение, а срок продлится.

3. Размеры вознаграждений и результаты работы можно посмотреть в партнерском кабинете https://for16.ru/d/1000/lk/cabinet.php?u=dbfcd4d5224b43135ce04167569cb3fc

4. Чтобы узнать подробнее, как подключить партнерскую программу для вашего бизнеса, запишитесь на  консультацию https://winwinland.ru/consult/?uid=7165ee05d544920896ca889143ea770f



*****
-7568
1. Напоминаем, ваша персональная ссылка, по которой вы можете приглашать ознакомиться с WinWinLand - https://winwinland.ru/7/?bc=2702839875

2. Все, кто зарегистрируется по вашей ссылке, закрепятся за вами на 180 дней. С каждого их платежа вам начислится вознаграждение, а срок продлится.

3. Размеры вознаграждений и результаты работы можно посмотреть в партнерском кабинете https://for16.ru/d/1000/lk/cabinet.php?u=8296c4921930ba74b07781417b101e97

4. Чтобы узнать подробнее, как подключить партнерскую программу для вашего бизнеса, запишитесь на  консультацию https://winwinland.ru/consult/?uid=0bf85b7176ff2610f9c44ab12210d0ea



*****
-7604
1. Напоминаем, ваша персональная ссылка, по которой вы можете приглашать ознакомиться с WinWinLand - https://winwinland.ru/7/?bc=4239410615

2. Все, кто зарегистрируется по вашей ссылке, закрепятся за вами на 180 дней. С каждого их платежа вам начислится вознаграждение, а срок продлится.

3. Размеры вознаграждений и результаты работы можно посмотреть в партнерском кабинете https://for16.ru/d/1000/lk/cabinet.php?u=dc0c6238ae61847336c0c433e3c6c774

4. Чтобы узнать подробнее, как подключить партнерскую программу для вашего бизнеса, запишитесь на  консультацию https://winwinland.ru/consult/?uid=4dc3512de994db730a53ea59a3b411a6



*****
-7609
1. Напоминаем, ваша персональная ссылка, по которой вы можете приглашать ознакомиться с WinWinLand - https://winwinland.ru/7/?bc=2818040571

2. Все, кто зарегистрируется по вашей ссылке, закрепятся за вами на 180 дней. С каждого их платежа вам начислится вознаграждение, а срок продлится.

3. Размеры вознаграждений и результаты работы можно посмотреть в партнерском кабинете https://for16.ru/d/1000/lk/cabinet.php?u=947b8eed110a787c9ea65bb02e8ac25f

4. Чтобы узнать подробнее, как подключить партнерскую программу для вашего бизнеса, запишитесь на  консультацию https://winwinland.ru/consult/?uid=f6db104862b808fdbb5b16f93e73007a



*****
-7582
1. Напоминаем, ваша персональная ссылка, по которой вы можете приглашать ознакомиться с WinWinLand - https://winwinland.ru/7/?bc=3746354387

2. Все, кто зарегистрируется по вашей ссылке, закрепятся за вами на 180 дней. С каждого их платежа вам начислится вознаграждение, а срок продлится.

3. Размеры вознаграждений и результаты работы можно посмотреть в партнерском кабинете https://for16.ru/d/1000/lk/cabinet.php?u=20fbfe9fa1fcef19f7587b08cdc2addc

4. Чтобы узнать подробнее, как подключить партнерскую программу для вашего бизнеса, запишитесь на  консультацию https://winwinland.ru/consult/?uid=c979891b58a6a863d1e70b30f327dcf3



*****
-7613
1. Напоминаем, ваша персональная ссылка, по которой вы можете приглашать ознакомиться с WinWinLand - https://winwinland.ru/7/?bc=2694457058

2. Все, кто зарегистрируется по вашей ссылке, закрепятся за вами на 180 дней. С каждого их платежа вам начислится вознаграждение, а срок продлится.

3. Размеры вознаграждений и результаты работы можно посмотреть в партнерском кабинете https://for16.ru/d/1000/lk/cabinet.php?u=309fbb8df275e92d1f79a0e2bf181fb5

4. Чтобы узнать подробнее, как подключить партнерскую программу для вашего бизнеса, запишитесь на  консультацию https://winwinland.ru/consult/?uid=54d344d5bc9eb9fbc241286e14874f01



*****
-7615
1. Напоминаем, ваша персональная ссылка, по которой вы можете приглашать ознакомиться с WinWinLand - https://winwinland.ru/7/?bc=1318340558

2. Все, кто зарегистрируется по вашей ссылке, закрепятся за вами на 180 дней. С каждого их платежа вам начислится вознаграждение, а срок продлится.

3. Размеры вознаграждений и результаты работы можно посмотреть в партнерском кабинете https://for16.ru/d/1000/lk/cabinet.php?u=93016d49af1a0fcb6cc73f7fbef422af

4. Чтобы узнать подробнее, как подключить партнерскую программу для вашего бизнеса, запишитесь на  консультацию https://winwinland.ru/consult/?uid=44dc6ff4c071f1205dfff0ee62904e8f



*****
-7616
1. Напоминаем, ваша персональная ссылка, по которой вы можете приглашать ознакомиться с WinWinLand - https://winwinland.ru/7/?bc=965965656

2. Все, кто зарегистрируется по вашей ссылке, закрепятся за вами на 180 дней. С каждого их платежа вам начислится вознаграждение, а срок продлится.

3. Размеры вознаграждений и результаты работы можно посмотреть в партнерском кабинете https://for16.ru/d/1000/lk/cabinet.php?u=fa73b0bc44506e36ea717f495bc81f9e

4. Чтобы узнать подробнее, как подключить партнерскую программу для вашего бизнеса, запишитесь на  консультацию https://winwinland.ru/consult/?uid=2c61f674fdf82f35182fc83ffd0e3231


