24.11.2025 15:31:31
Array
(
    [success] => 
    [data] => 
    [meta] => Array
        (
            [message] => Произошла ошибка
        )

)
25.11.2025 06:44:37
Array
(
    [success] => 
    [data] => 
    [meta] => Array
        (
            [message] => Недостаточно прав
        )

)
25.11.2025 06:47:52
Array
(
    [success] => 
    [data] => 
    [meta] => Array
        (
            [message] => Недостаточно прав
        )

)
25.11.2025 06:48:36
Array
(
    [success] => 
    [data] => 
    [meta] => Array
        (
            [message] => Недостаточно прав
        )

)
25.11.2025 06:50:12
Array
(
    [success] => 
    [data] => 
    [meta] => Array
        (
            [message] => Недостаточно прав
        )

)
25.11.2025 06:53:07
Array
(
    [success] => 
    [data] => 
    [meta] => Array
        (
            [message] => Недостаточно прав
        )

)
25.11.2025 06:55:12
Array
(
    [success] => 
    [data] => 
    [meta] => Array
        (
            [message] => Недостаточно прав
        )

)
25.11.2025 06:57:54
Array
(
    [success] => 
    [data] => 
    [meta] => Array
        (
            [message] => Недостаточно прав
        )

)
25.11.2025 06:59:00
Array
(
    [success] => 
    [data] => 
    [meta] => Array
        (
            [message] => Недостаточно прав
        )

)
25.11.2025 06:59:39
Array
(
    [success] => 
    [data] => 
    [meta] => Array
        (
            [message] => Произошла ошибка
        )

)
25.11.2025 07:18:02
Array
(
    [success] => 
    [data] => 
    [meta] => Array
        (
            [message] => Недостаточно прав для просмотра данных
        )

)
25.11.2025 07:19:10
Array
(
    [success] => 
    [data] => 
    [meta] => Array
        (
            [message] => Недостаточно прав для просмотра данных
        )

)
25.11.2025 07:20:20
Array
(
    [success] => 
    [data] => 
    [meta] => Array
        (
            [message] => Недостаточно прав для просмотра данных
        )

)
25.11.2025 11:08:21
Array
(
    [success] => 
    [data] => 
    [meta] => Array
        (
            [message] => Недостаточно прав для просмотра данных
        )

)
25.11.2025 11:08:27
Array
(
    [success] => 
    [data] => 
    [meta] => Array
        (
            [message] => Недостаточно прав для просмотра данных
        )

)
25.11.2025 11:10:19
Array
(
    [success] => 
    [data] => 
    [meta] => Array
        (
            [message] => Недостаточно прав для просмотра данных
        )

)
25.11.2025 11:58:56
Array
(
    [success] => 
    [data] => 
    [meta] => Array
        (
            [message] => Недостаточно прав для просмотра данных
        )

)
25.11.2025 12:01:04
Array
(
    [success] => 
    [data] => 
    [meta] => Array
        (
            [message] => Недостаточно прав для просмотра данных
        )

)
25.11.2025 12:02:35
Array
(
    [success] => 
    [data] => 
    [meta] => Array
        (
            [message] => Недостаточно прав для просмотра данных
        )

)
25.11.2025 12:06:11
Array
(
    [success] => 
    [data] => 
    [meta] => Array
        (
            [message] => Недостаточно прав для просмотра данных
        )

)
25.11.2025 12:08:32
Array
(
    [success] => 
    [data] => 
    [meta] => Array
        (
            [message] => Недостаточно прав для просмотра данных
        )

)
25.11.2025 12:14:37
Array
(
    [success] => 
    [data] => 
    [meta] => Array
        (
            [message] => Произошла ошибка
        )

)
25.11.2025 12:15:49
Array
(
    [success] => 
    [data] => 
    [meta] => Array
        (
            [message] => Недостаточно прав для просмотра данных
        )

)
25.11.2025 12:18:24
Array
(
    [success] => 
    [data] => 
    [meta] => Array
        (
            [message] => Недостаточно прав для просмотра данных
        )

)
25.11.2025 12:22:51
Array
(
    [success] => 
    [data] => 
    [meta] => Array
        (
            [message] => Недостаточно прав для просмотра данных
        )

)
25.11.2025 14:58:38
Array
(
    [success] => 
    [data] => 
    [meta] => Array
        (
            [message] => Карта данного типа уже есть у клиента
        )

)
25.11.2025 22:31:09
Array
(
    [success] => 
    [data] => 
    [meta] => Array
        (
            [message] => Произошла ошибка
        )

)
25.11.2025 22:31:43
Array
(
    [success] => 
    [data] => 
    [meta] => Array
        (
            [message] => Произошла ошибка
        )

)
25.11.2025 22:32:58
Array
(
    [success] => 
    [data] => 
    [meta] => Array
        (
            [message] => Произошла ошибка
        )

)
25.11.2025 22:44:07
Array
(
    [success] => 
    [data] => 
    [meta] => Array
        (
            [message] => Произошла ошибка
        )

)
26.11.2025 00:59:27
Array
(
    [success] => 
    [data] => 
    [meta] => Array
        (
            [message] => Указан недопустимый тип карты
        )

)
26.11.2025 01:00:32
Array
(
    [success] => 
    [data] => 
    [meta] => Array
        (
            [message] => Карта данного типа уже есть у клиента
        )

)
26.11.2025 01:01:59
Array
(
    [success] => 
    [data] => 
    [meta] => Array
        (
            [message] => Произошла ошибка
        )

)
26.11.2025 01:02:03
Array
(
    [success] => 
    [data] => 
    [meta] => Array
        (
            [message] => Произошла ошибка
        )

)
26.11.2025 09:26:39
Array
(
    [success] => 
    [data] => 
    [meta] => Array
        (
            [message] => Карта данного типа уже есть у клиента
        )

)
03.12.2025 11:15:12
Array
(
    [success] => 
    [data] => 
    [meta] => Array
        (
            [message] => Произошла ошибка
        )

)
03.12.2025 11:16:19
Array
(
    [success] => 
    [data] => 
    [meta] => Array
        (
            [message] => Произошла ошибка
        )

)
08.12.2025 18:57:39
Array
(
    [success] => 
    [data] => 
    [meta] => Array
        (
            [message] => Нет прав на управление филиалом с идентификатором 1504761
        )

)
